<?xml version="1.0" encoding="UTF-8"?>
<testng-results ignored="0" total="1" passed="1" failed="0" skipped="0">
  <reporter-output>
  </reporter-output>
  <suite started-at="2023-10-01T20:05:36 CDT" name="Default suite" finished-at="2023-10-01T20:06:07 CDT" duration-ms="31720">
    <groups>
    </groups>
    <test started-at="2023-10-01T20:05:36 CDT" name="Default test" finished-at="2023-10-01T20:06:07 CDT" duration-ms="31720">
      <class name="ourFirstProject.Appium_Adriod.ourSecondClass">
        <test-method is-config="true" signature="configure()[pri:0, instance:ourFirstProject.Appium_Adriod.ourSecondClass@5d7148e2]" started-at="2023-10-01T20:05:36 CDT" name="configure" finished-at="2023-10-01T20:05:46 CDT" duration-ms="10267" status="PASS">
          <reporter-output>
          </reporter-output>
        </test-method> <!-- configure -->
        <test-method signature="texttext()[pri:0, instance:ourFirstProject.Appium_Adriod.ourSecondClass@5d7148e2]" started-at="2023-10-01T20:05:46 CDT" name="texttext" finished-at="2023-10-01T20:06:07 CDT" duration-ms="20853" status="PASS">
          <reporter-output>
          </reporter-output>
        </test-method> <!-- texttext -->
        <test-method is-config="true" signature="closingApp()[pri:0, instance:ourFirstProject.Appium_Adriod.ourSecondClass@5d7148e2]" started-at="2023-10-01T20:06:07 CDT" name="closingApp" finished-at="2023-10-01T20:06:07 CDT" duration-ms="552" status="PASS">
          <reporter-output>
          </reporter-output>
        </test-method> <!-- closingApp -->
      </class> <!-- ourFirstProject.Appium_Adriod.ourSecondClass -->
    </test> <!-- Default test -->
  </suite> <!-- Default suite -->
</testng-results>
